Unity Editor version:    2020.3.20f1 (41c4e627c95f)
Branch:                  2020.3/staging
Build type:              Release
Batch mode:              YES
macOS version:           Version 10.14.6 (Build 18G9323)
Darwin version:          18.7.0
Architecture:            x86_64
Running under Rosetta:   NO
Available memory:        8192 MB
Using pre-set license
Pro License: NO

COMMAND LINE ARGUMENTS:
/Applications/Unity/Hub/Editor/2020.3.20f1/Unity.app/Contents/MacOS/Unity
-adb2
-batchMode
-noUpm
-name
AssetImportWorker0
-projectPath
/Users/raycrist/git/21f-lingo-defense/CS98
-logFile
Logs/AssetImportWorker0.log
-srvPort
49396
Successfully changed project path to: /Users/raycrist/git/21f-lingo-defense/CS98
/Users/raycrist/git/21f-lingo-defense/CS98
Using Asset Import Pipeline V2.
Refreshing native plugins compatible for Editor in 106.09 ms, found 3 plugins.
Preloading 0 native plugins for Editor in 0.00 ms.
Initialize engine version: 2020.3.20f1 (41c4e627c95f)
[Subsystems] Discovering subsystems at path /Applications/Unity/Hub/Editor/2020.3.20f1/Unity.app/Contents/Resources/UnitySubsystems
[Subsystems] Discovering subsystems at path /Users/raycrist/git/21f-lingo-defense/CS98/Assets
GfxDevice: creating device client; threaded=0
2021-10-24 21:03:30.486 Unity[2588:57315] Color LCD preferred device: Intel(R) Iris(TM) Plus Graphics 640 (low power)
2021-10-24 21:03:30.486 Unity[2588:57315] Metal devices available: 1
2021-10-24 21:03:30.486 Unity[2588:57315] 0: Intel(R) Iris(TM) Plus Graphics 640 (low power)
2021-10-24 21:03:30.487 Unity[2588:57315] Using device Intel(R) Iris(TM) Plus Graphics 640 (low power)
Initializing Metal device caps: Intel(R) Iris(TM) Plus Graphics 640
Initialize mono
Mono path[0] = '/Applications/Unity/Hub/Editor/2020.3.20f1/Unity.app/Contents/Managed'
Mono path[1] = '/Applications/Unity/Hub/Editor/2020.3.20f1/Unity.app/Contents/MonoBleedingEdge/lib/mono/unityjit'
Mono config path = '/Applications/Unity/Hub/Editor/2020.3.20f1/Unity.app/Contents/MonoBleedingEdge/etc'
Using monoOptions --debugger-agent=transport=dt_socket,embedding=1,server=y,suspend=n,address=127.0.0.1:56588
Begin MonoManager ReloadAssembly
Registering precompiled unity dll's ...
Register platform support module: /Applications/Unity/Hub/Editor/2020.3.20f1/Unity.app/Contents/PlaybackEngines/MacStandaloneSupport/UnityEditor.OSXStandalone.Extensions.dll
Registered in 0.003332 seconds.
Native extension for OSXStandalone target not found
Refreshing native plugins compatible for Editor in 88.75 ms, found 3 plugins.
Preloading 0 native plugins for Editor in 0.00 ms.
Mono: successfully reloaded assembly
- Completed reload, in  3.334 seconds
Domain Reload Profiling:
	ReloadAssembly (3334ms)
		BeginReloadAssembly (44ms)
			ExecutionOrderSort (0ms)
			DisableScriptedObjects (0ms)
			BackupInstance (0ms)
			ReleaseScriptingObjects (0ms)
			CreateAndSetChildDomain (1ms)
		EndReloadAssembly (645ms)
			LoadAssemblies (43ms)
			RebuildTransferFunctionScriptingTraits (0ms)
			SetupTypeCache (230ms)
			ReleaseScriptCaches (0ms)
			RebuildScriptCaches (54ms)
			SetupLoadedEditorAssemblies (282ms)
				LogAssemblyErrors (0ms)
				InitializePlatformSupportModulesInManaged (5ms)
				SetLoadedEditorAssemblies (0ms)
				RefreshPlugins (89ms)
				BeforeProcessingInitializeOnLoad (18ms)
				ProcessInitializeOnLoadAttributes (130ms)
				ProcessInitializeOnLoadMethodAttributes (40ms)
				AfterProcessingInitializeOnLoad (0ms)
				EditorAssembliesLoaded (0ms)
			ExecutionOrderSort2 (0ms)
			AwakeInstancesAfterBackupRestoration (0ms)
Platform modules already initialized, skipping
Registering precompiled user dll's ...
Registered in 0.009458 seconds.
Begin MonoManager ReloadAssembly
Native extension for OSXStandalone target not found
Refreshing native plugins compatible for Editor in 84.09 ms, found 3 plugins.
Preloading 0 native plugins for Editor in 0.00 ms.
Mono: successfully reloaded assembly
- Completed reload, in  1.698 seconds
Domain Reload Profiling:
	ReloadAssembly (1699ms)
		BeginReloadAssembly (189ms)
			ExecutionOrderSort (0ms)
			DisableScriptedObjects (7ms)
			BackupInstance (0ms)
			ReleaseScriptingObjects (0ms)
			CreateAndSetChildDomain (38ms)
		EndReloadAssembly (1425ms)
			LoadAssemblies (160ms)
			RebuildTransferFunctionScriptingTraits (0ms)
			SetupTypeCache (462ms)
			ReleaseScriptCaches (1ms)
			RebuildScriptCaches (78ms)
			SetupLoadedEditorAssemblies (561ms)
				LogAssemblyErrors (0ms)
				InitializePlatformSupportModulesInManaged (4ms)
				SetLoadedEditorAssemblies (0ms)
				RefreshPlugins (84ms)
				BeforeProcessingInitializeOnLoad (87ms)
				ProcessInitializeOnLoadAttributes (330ms)
				ProcessInitializeOnLoadMethodAttributes (53ms)
				AfterProcessingInitializeOnLoad (1ms)
				EditorAssembliesLoaded (0ms)
			ExecutionOrderSort2 (0ms)
			AwakeInstancesAfterBackupRestoration (8ms)
Platform modules already initialized, skipping
Validating Project structure ... 0.014664 seconds.
Shader import version has changed; will reimport all shaders...
Upgrading shader files ...0.019373 seconds.
Application.AssetDatabase Initial Script Refresh Start
RefreshInfo: InitialScriptRefreshV2(NoUpdateAssetOptions) scanfilter:  ... 1 filters
RefreshProfiler: Total: 0.000ms
Application.AssetDatabase Initial Script Refresh End
Application.AssetDatabase.Refresh Start
Application.AssetDatabase.Refresh End
RefreshInfo: StopAssetImportingV2(ForceSynchronousImport) scanfilter: 
RefreshProfiler: Total: 0.000ms
Launching external process: /Applications/Unity/Hub/Editor/2020.3.20f1/Unity.app/Contents/Tools/UnityShaderCompiler
Launched and connected shader compiler UnityShaderCompiler after 0.03 seconds
Initializing Unity extensions:
[C# Project] Writing /Users/raycrist/git/21f-lingo-defense/CS98/CS98.sln because it has changed
[C# Project] First difference on line 4

[C# Project] Current /Users/raycrist/git/21f-lingo-defense/CS98/CS98.sln:
[C# Project]   004: Project("{FAE04EC0-301F-11D3-BF4B-00C04F79EFBC}") = "Assembly-CSharp", "Assembly-CSharp.csproj", "{77A876A8-1542-C125-A007-D90859C30F4B}"
[C# Project]   005: EndProject
[C# Project]   006: Project("{FAE04EC0-301F-11D3-BF4B-00C04F79EFBC}") = "Assembly-CSharp-Editor-firstpass", "Assembly-CSharp-Editor-firstpass.csproj", "{05A65996-7C14-26C3-302D-AA806521C5C0}"
[C# Project]   007: EndProject
[C# Project]   008: Project("{FAE04EC0-301F-11D3-BF4B-00C04F79EFBC}") = "Assembly-CSharp.Player", "Assembly-CSharp.Player.csproj", "{66B3B82A-D959-9F20-AE73-E3B30979F671}"

[C# Project] New /Users/raycrist/git/21f-lingo-defense/CS98/CS98.sln:
[C# Project]   004: Project("{FAE04EC0-301F-11D3-BF4B-00C04F79EFBC}") = "UnityEngine.UI", "UnityEngine.UI.csproj", "{E9CFAA7B-C9B1-C519-F0B3-8CBC4A08345F}"
[C# Project]   005: EndProject
[C# Project]   006: Project("{FAE04EC0-301F-11D3-BF4B-00C04F79EFBC}") = "Unity.2D.PixelPerfect.Tests", "Unity.2D.PixelPerfect.Tests.csproj", "{1BC69241-8071-FB4E-E89F-26C2CFD16C9A}"
[C# Project]   007: EndProject
[C# Project]   008: Project("{FAE04EC0-301F-11D3-BF4B-00C04F79EFBC}") = "UnityEngine.TestRunner", "UnityEngine.TestRunner.csproj", "{4B5A3E9A-A17F-F8E1-90FB-53BF95FE3873}"
[C# Project] Writing /Users/raycrist/git/21f-lingo-defense/CS98/UnityEngine.UI.csproj because it has changed
[C# Project] First difference on line 51

[C# Project] Current /Users/raycrist/git/21f-lingo-defense/CS98/UnityEngine.UI.csproj:
[C# Project]   051:      <Compile Include="Packages\com.unity.ugui\Runtime\UI\Core\Toggle.cs" />
[C# Project]   052:      <Compile Include="Packages\com.unity.ugui\Runtime\UI\Core\Layout\LayoutElement.cs" />
[C# Project]   053:      <Compile Include="Packages\com.unity.ugui\Runtime\UI\Core\IGraphicEnabledDisabled.cs" />
[C# Project]   054:      <Compile Include="Packages\com.unity.ugui\Runtime\UI\Core\Selectable.cs" />
[C# Project]   055:      <Compile Include="Packages\com.unity.ugui\Runtime\UI\Core\Slider.cs" />

[C# Project] New /Users/raycrist/git/21f-lingo-defense/CS98/UnityEngine.UI.csproj:
[C# Project]   051:      <Compile Include="Packages\com.unity.ugui\Runtime\UI\Core\Text.cs" />
[C# Project]   052:      <Compile Include="Packages\com.unity.ugui\Runtime\UI\Core\Toggle.cs" />
[C# Project]   053:      <Compile Include="Packages\com.unity.ugui\Runtime\UI\Core\Layout\LayoutElement.cs" />
[C# Project]   054:      <Compile Include="Packages\com.unity.ugui\Runtime\UI\Core\IGraphicEnabledDisabled.cs" />
[C# Project]   055:      <Compile Include="Packages\com.unity.ugui\Runtime\UI\Core\Selectable.cs" />
[C# Project] Writing /Users/raycrist/git/21f-lingo-defense/CS98/Assembly-CSharp.csproj because it has changed
[C# Project] First difference on line 289

[C# Project] Current /Users/raycrist/git/21f-lingo-defense/CS98/Assembly-CSharp.csproj:
[C# Project]   289:  <Reference Include="UnityEditor.iOS.Extensions.Xcode">
[C# Project]   290:  <HintPath>/Applications/Unity/Hub/Editor/2020.3.20f1/PlaybackEngines/iOSSupport/UnityEditor.iOS.Extensions.Xcode.dll</HintPath>
[C# Project]   291:  </Reference>
[C# Project]   292:  <Reference Include="UnityEditor.iOS.Extensions.Common">
[C# Project]   293:  <HintPath>/Applications/Unity/Hub/Editor/2020.3.20f1/PlaybackEngines/iOSSupport/UnityEditor.iOS.Extensions.Common.dll</HintPath>

[C# Project] New /Users/raycrist/git/21f-lingo-defense/CS98/Assembly-CSharp.csproj:
[C# Project]   289:  <Reference Include="netstandard">
[C# Project]   290:  <HintPath>/Applications/Unity/Hub/Editor/2020.3.20f1/Unity.app/Contents/NetStandard/ref/2.0.0/netstandard.dll</HintPath>
[C# Project]   291:  </Reference>
[C# Project]   292:  <Reference Include="Microsoft.Win32.Primitives">
[C# Project]   293:  <HintPath>/Applications/Unity/Hub/Editor/2020.3.20f1/Unity.app/Contents/NetStandard/compat/2.0.0/shims/netstandard/Microsoft.Win32.Primitives.dll</HintPath>
[C# Project] Writing /Users/raycrist/git/21f-lingo-defense/CS98/UnityEditor.TestRunner.csproj because it has changed
[C# Project] First difference on line 149

[C# Project] Current /Users/raycrist/git/21f-lingo-defense/CS98/UnityEditor.TestRunner.csproj:
[C# Project]   149:      <Compile Include="Packages\com.unity.test-framework\UnityEditor.TestRunner\TestRun\Tasks\SaveUndoIndexTask.cs" />
[C# Project]   150:      <Compile Include="Packages\com.unity.test-framework\UnityEditor.TestRunner\UnityTestProtocol\TestFinishedMessage.cs" />
[C# Project]   151:      <Compile Include="Packages\com.unity.test-framework\UnityEditor.TestRunner\NUnitExtension\Attributes\TestPlayerBuildModifierAttribute.cs" />
[C# Project]   152:      <Compile Include="Packages\com.unity.test-framework\UnityEditor.TestRunner\TestRunner\Utils\ITestListProvider.cs" />
[C# Project]   153:      <Compile Include="Packages\com.unity.test-framework\UnityEditor.TestRunner\UnityTestProtocol\UnityTestProtocolStarter.cs" />

[C# Project] New /Users/raycrist/git/21f-lingo-defense/CS98/UnityEditor.TestRunner.csproj:
[C# Project]   149:      <Compile Include="Packages\com.unity.test-framework\UnityEditor.TestRunner\UnityTestProtocol\TestFinishedMessage.cs" />
[C# Project]   150:      <Compile Include="Packages\com.unity.test-framework\UnityEditor.TestRunner\TestRun\Tasks\SaveUndoIndexTask.cs" />
[C# Project]   151:      <Compile Include="Packages\com.unity.test-framework\UnityEditor.TestRunner\NUnitExtension\Attributes\TestPlayerBuildModifierAttribute.cs" />
[C# Project]   152:      <Compile Include="Packages\com.unity.test-framework\UnityEditor.TestRunner\TestRunner\Utils\ITestListProvider.cs" />
[C# Project]   153:      <Compile Include="Packages\com.unity.test-framework\UnityEditor.TestRunner\UnityTestProtocol\UnityTestProtocolStarter.cs" />
[C# Project] Writing /Users/raycrist/git/21f-lingo-defense/CS98/Unity.Timeline.Editor.csproj because it has changed
[C# Project] First difference on line 253

[C# Project] Current /Users/raycrist/git/21f-lingo-defense/CS98/Unity.Timeline.Editor.csproj:
[C# Project]   253:      <Compile Include="Packages\com.unity.timeline\Editor\Window\PlaybackScroller.cs" />
[C# Project]   254:      <Compile Include="Packages\com.unity.timeline\Editor\inspectors\TrackAssetInspector.cs" />
[C# Project]   255:      <Compile Include="Packages\com.unity.timeline\Editor\Utilities\Scopes\GUIGroupScope.cs" />
[C# Project]   256:      <Compile Include="Packages\com.unity.timeline\Editor\Actions\MarkerActions.cs" />
[C# Project]   257:      <Compile Include="Packages\com.unity.timeline\Editor\Utilities\AnimatedParameterUtility.cs" />

[C# Project] New /Users/raycrist/git/21f-lingo-defense/CS98/Unity.Timeline.Editor.csproj:
[C# Project]   253:      <Compile Include="Packages\com.unity.timeline\Editor\inspectors\TrackAssetInspector.cs" />
[C# Project]   254:      <Compile Include="Packages\com.unity.timeline\Editor\Window\PlaybackScroller.cs" />
[C# Project]   255:      <Compile Include="Packages\com.unity.timeline\Editor\Utilities\Scopes\GUIGroupScope.cs" />
[C# Project]   256:      <Compile Include="Packages\com.unity.timeline\Editor\Actions\MarkerActions.cs" />
[C# Project]   257:      <Compile Include="Packages\com.unity.timeline\Editor\Utilities\AnimatedParameterUtility.cs" />
[C# Project] Writing /Users/raycrist/git/21f-lingo-defense/CS98/Assembly-CSharp-Editor-firstpass.csproj because it has changed
[C# Project] First difference on line 282

[C# Project] Current /Users/raycrist/git/21f-lingo-defense/CS98/Assembly-CSharp-Editor-firstpass.csproj:
[C# Project]   282:  <Reference Include="UnityEditor.iOS.Extensions">
[C# Project]   283:  <HintPath>/Applications/Unity/Hub/Editor/2020.3.20f1/PlaybackEngines/iOSSupport/UnityEditor.iOS.Extensions.dll</HintPath>
[C# Project]   284:  </Reference>
[C# Project]   285:  <Reference Include="GitHub.Logging">
[C# Project]   286:  <HintPath>/Users/raycrist/git/21f-lingo-defense/CS98/Assets/Plugins/GitHub/Editor/GitHub.Logging.dll</HintPath>

[C# Project] New /Users/raycrist/git/21f-lingo-defense/CS98/Assembly-CSharp-Editor-firstpass.csproj:
[C# Project]   282:  <Reference Include="GitHub.Logging">
[C# Project]   283:  <HintPath>/Users/raycrist/git/21f-lingo-defense/CS98/Assets/Plugins/GitHub/Editor/GitHub.Logging.dll</HintPath>
[C# Project]   284:  </Reference>
[C# Project]   285:  <Reference Include="GitHub.Unity.45">
[C# Project]   286:  <HintPath>/Users/raycrist/git/21f-lingo-defense/CS98/Assets/Plugins/GitHub/Editor/GitHub.Unity.45.dll</HintPath>
[C# Project] Writing /Users/raycrist/git/21f-lingo-defense/CS98/UnityEngine.UI.Player.csproj because it has changed
[C# Project] First difference on line 51

[C# Project] Current /Users/raycrist/git/21f-lingo-defense/CS98/UnityEngine.UI.Player.csproj:
[C# Project]   051:      <Compile Include="Packages\com.unity.ugui\Runtime\UI\Core\Toggle.cs" />
[C# Project]   052:      <Compile Include="Packages\com.unity.ugui\Runtime\UI\Core\Layout\LayoutElement.cs" />
[C# Project]   053:      <Compile Include="Packages\com.unity.ugui\Runtime\UI\Core\IGraphicEnabledDisabled.cs" />
[C# Project]   054:      <Compile Include="Packages\com.unity.ugui\Runtime\UI\Core\Selectable.cs" />
[C# Project]   055:      <Compile Include="Packages\com.unity.ugui\Runtime\UI\Core\Slider.cs" />

[C# Project] New /Users/raycrist/git/21f-lingo-defense/CS98/UnityEngine.UI.Player.csproj:
[C# Project]   051:      <Compile Include="Packages\com.unity.ugui\Runtime\UI\Core\Text.cs" />
[C# Project]   052:      <Compile Include="Packages\com.unity.ugui\Runtime\UI\Core\Toggle.cs" />
[C# Project]   053:      <Compile Include="Packages\com.unity.ugui\Runtime\UI\Core\Layout\LayoutElement.cs" />
[C# Project]   054:      <Compile Include="Packages\com.unity.ugui\Runtime\UI\Core\IGraphicEnabledDisabled.cs" />
[C# Project]   055:      <Compile Include="Packages\com.unity.ugui\Runtime\UI\Core\Selectable.cs" />
[C# Project] Writing /Users/raycrist/git/21f-lingo-defense/CS98/Assembly-CSharp.Player.csproj because it has changed
[C# Project] First difference on line 684

[C# Project] Current /Users/raycrist/git/21f-lingo-defense/CS98/Assembly-CSharp.Player.csproj:
[C# Project]   684:  <Reference Include="Purchasing.Common">
[C# Project]   685:  <HintPath>/Users/raycrist/git/21f-lingo-defense/CS98/Library/ScriptAssemblies/Purchasing.Common.dll</HintPath>
[C# Project]   686:  </Reference>
[C# Project]   687:  <Reference Include="Unity.InternalAPIEngineBridge.001">
[C# Project]   688:  <HintPath>/Users/raycrist/git/21f-lingo-defense/CS98/Library/ScriptAssemblies/Unity.InternalAPIEngineBridge.001.dll</HintPath>

[C# Project] New /Users/raycrist/git/21f-lingo-defense/CS98/Assembly-CSharp.Player.csproj:
[C# Project]   684:   </ItemGroup>
[C# Project]   685:   <ItemGroup>
[C# Project]   686:     <ProjectReference Include="Purchasing.Common.csproj">
[C# Project]   687:       <Project>{D3992F11-E92A-1B52-8774-DF5FBB7F2703}</Project>
[C# Project]   688:       <Name>Purchasing.Common</Name>
========================================================================
Worker process is ready to serve import requests
Refreshing native plugins compatible for Editor in 1.04 ms, found 3 plugins.
Preloading 0 native plugins for Editor in 0.00 ms.
Unloading 2715 Unused Serialized files (Serialized files now loaded: 0)
System memory in use before: 221.7 MB.
System memory in use after: 221.0 MB.

Unloading 189 unused Assets to reduce memory usage. Loaded Objects now: 3175.
Total: 7.862916 ms (FindLiveObjects: 0.305468 ms CreateObjectMapping: 0.138092 ms MarkObjects: 6.859655 ms  DeleteObjects: 0.558619 ms)

AssetImportParameters requested are different than current active one (requested -> active):
  custom:video-decoder-ogg-theora: a1e56fd34408186e4bbccfd4996cb3dc -> 
  custom:container-muxer-webm: aa71ff27fc2769a1b78a27578f13a17b -> 
  custom:container-demuxer-webm: 4f35f7cbe854078d1ac9338744f61a02 -> 
  custom:container-demuxer-ogg: 62fdf1f143b41e24485cea50d1cbac27 -> 
  custom:video-encoder-webm-vp8: eb34c28f22e8b96e1ab97ce403110664 -> 
  custom:framework-osx-AVFoundation: b23960f63f64bdc6ff669e2cdcee2391 -> 
  custom:video-decoder-webm-vp8: 9c59270c3fd7afecdb556c50c9e8de78 -> 
  custom:audio-decoder-ogg-vorbis: bf7c407c2cedff20999df2af8eb42d56 -> 
  custom:audio-encoder-webm-vorbis: bf7c407c2cedff20999df2af8eb42d56 -> 
========================================================================
Received Import Request.
  path: Assets/Prefabs/Empty
  artifactKey: Guid(b2ebaf80b766b4a40bc20cfa9698e5d2) Importer(815301076,1909f56bfc062723c751e8b465ee728b)
Start importing Assets/Prefabs/Empty using Guid(b2ebaf80b766b4a40bc20cfa9698e5d2) Importer(815301076,1909f56bfc062723c751e8b465ee728b)  -> (artifact id: 'dba50bfcbd95da441fd2280afb571983') in 0.006132 seconds 
  Import took 0.010882 seconds .

========================================================================
Received Import Request.
  Time since last request: 0.000343 seconds.
  path: Assets/Prefabs/Empty/SceneLoader.prefab
  artifactKey: Guid(081933ede00a5443bbb637d60a8665f1) Importer(815301076,1909f56bfc062723c751e8b465ee728b)
Start importing Assets/Prefabs/Empty/SceneLoader.prefab using Guid(081933ede00a5443bbb637d60a8665f1) Importer(815301076,1909f56bfc062723c751e8b465ee728b)  -> (artifact id: 'd8bee43add359ba652543a1090e05a67') in 0.360446 seconds 
  Import took 0.364409 seconds .

========================================================================
Received Import Request.
  Time since last request: 0.004896 seconds.
  path: Assets/Prefabs/Player.prefab
  artifactKey: Guid(244f0452e4e284f5b9e24a17248a62a4) Importer(815301076,1909f56bfc062723c751e8b465ee728b)
Start importing Assets/Prefabs/Player.prefab using Guid(244f0452e4e284f5b9e24a17248a62a4) Importer(815301076,1909f56bfc062723c751e8b465ee728b)  -> (artifact id: '86c25ba0aa79d82ea1b1f79f3144629c') in 0.069726 seconds 
  Import took 0.075486 seconds .

========================================================================
Received Import Request.
  Time since last request: 0.000332 seconds.
  path: Assets/Prefabs/Other/SpeechBubble.prefab
  artifactKey: Guid(f155be42ff0c54ae9bc11b75ee9f4c91) Importer(815301076,1909f56bfc062723c751e8b465ee728b)
Start importing Assets/Prefabs/Other/SpeechBubble.prefab using Guid(f155be42ff0c54ae9bc11b75ee9f4c91) Importer(815301076,1909f56bfc062723c751e8b465ee728b)  -> (artifact id: '109bba441b1e90654f57c26c3ac1d1e3') in 0.028176 seconds 
  Import took 0.033384 seconds .

========================================================================
Received Import Request.
  Time since last request: 0.000210 seconds.
  path: Assets/Prefabs/Other
  artifactKey: Guid(dbb9900fc0db049679ab9db8b8779210) Importer(815301076,1909f56bfc062723c751e8b465ee728b)
Start importing Assets/Prefabs/Other using Guid(dbb9900fc0db049679ab9db8b8779210) Importer(815301076,1909f56bfc062723c751e8b465ee728b)  -> (artifact id: '1af9c5f83306330b94369a7619e0ea3a') in 0.000685 seconds 
  Import took 0.004501 seconds .

========================================================================
Received Import Request.
  Time since last request: 0.000212 seconds.
  path: Assets/Prefabs/Empty/NPCDialogueManager.prefab
  artifactKey: Guid(01f04a94e2aae446491e7508840646e9) Importer(815301076,1909f56bfc062723c751e8b465ee728b)
Start importing Assets/Prefabs/Empty/NPCDialogueManager.prefab using Guid(01f04a94e2aae446491e7508840646e9) Importer(815301076,1909f56bfc062723c751e8b465ee728b)  -> (artifact id: '0a2d091cf739bb09d1a0b25315e7316d') in 0.003657 seconds 
  Import took 0.007187 seconds .

========================================================================
Received Import Request.
  Time since last request: 5.994621 seconds.
  path: Assets/Prefabs/UI
  artifactKey: Guid(ddb195a1faf034cc3bee784f130a236f) Importer(815301076,1909f56bfc062723c751e8b465ee728b)
Start importing Assets/Prefabs/UI using Guid(ddb195a1faf034cc3bee784f130a236f) Importer(815301076,1909f56bfc062723c751e8b465ee728b)  -> (artifact id: '821e034809fb57de5c313a75699c26ce') in 0.003742 seconds 
  Import took 0.011529 seconds .

========================================================================
Received Import Request.
  Time since last request: 17.837823 seconds.
  path: Assets/Prefabs/UI/UICanvas.prefab
  artifactKey: Guid(d8234e4edef0740c68822cde68207d27) Importer(815301076,1909f56bfc062723c751e8b465ee728b)
Start importing Assets/Prefabs/UI/UICanvas.prefab using Guid(d8234e4edef0740c68822cde68207d27) Importer(815301076,1909f56bfc062723c751e8b465ee728b)  -> (artifact id: 'a374f1f3aa9bb408459a446036c7d758') in 0.011240 seconds 
  Import took 0.017551 seconds .

========================================================================
Received Prepare
Registering precompiled user dll's ...
Registered in 0.006869 seconds.
Begin MonoManager ReloadAssembly
Native extension for OSXStandalone target not found
Refreshing native plugins compatible for Editor in 1.27 ms, found 3 plugins.
Preloading 0 native plugins for Editor in 0.00 ms.
Mono: successfully reloaded assembly
- Completed reload, in  1.785 seconds
Domain Reload Profiling:
	ReloadAssembly (1785ms)
		BeginReloadAssembly (193ms)
			ExecutionOrderSort (0ms)
			DisableScriptedObjects (11ms)
			BackupInstance (0ms)
			ReleaseScriptingObjects (0ms)
			CreateAndSetChildDomain (110ms)
		EndReloadAssembly (1491ms)
			LoadAssemblies (111ms)
			RebuildTransferFunctionScriptingTraits (2ms)
			SetupTypeCache (559ms)
			ReleaseScriptCaches (1ms)
			RebuildScriptCaches (80ms)
			SetupLoadedEditorAssemblies (568ms)
				LogAssemblyErrors (0ms)
				InitializePlatformSupportModulesInManaged (6ms)
				SetLoadedEditorAssemblies (1ms)
				RefreshPlugins (1ms)
				BeforeProcessingInitializeOnLoad (151ms)
				ProcessInitializeOnLoadAttributes (363ms)
				ProcessInitializeOnLoadMethodAttributes (44ms)
				AfterProcessingInitializeOnLoad (1ms)
				EditorAssembliesLoaded (0ms)
			ExecutionOrderSort2 (0ms)
			AwakeInstancesAfterBackupRestoration (14ms)
Platform modules already initialized, skipping
Refreshing native plugins compatible for Editor in 1.15 ms, found 3 plugins.
Preloading 0 native plugins for Editor in 0.00 ms.
Unloading 2704 Unused Serialized files (Serialized files now loaded: 0)
System memory in use before: 222.4 MB.
System memory in use after: 222.6 MB.

Unloading 81 unused Assets to reduce memory usage. Loaded Objects now: 3187.
Total: 8.705255 ms (FindLiveObjects: 0.348090 ms CreateObjectMapping: 0.134974 ms MarkObjects: 8.164959 ms  DeleteObjects: 0.056106 ms)

AssetImportParameters requested are different than current active one (requested -> active):
  custom:video-decoder-ogg-theora: a1e56fd34408186e4bbccfd4996cb3dc -> 
  custom:container-muxer-webm: aa71ff27fc2769a1b78a27578f13a17b -> 
  custom:container-demuxer-webm: 4f35f7cbe854078d1ac9338744f61a02 -> 
  custom:container-demuxer-ogg: 62fdf1f143b41e24485cea50d1cbac27 -> 
  custom:video-encoder-webm-vp8: eb34c28f22e8b96e1ab97ce403110664 -> 
  custom:framework-osx-AVFoundation: b23960f63f64bdc6ff669e2cdcee2391 -> 
  custom:video-decoder-webm-vp8: 9c59270c3fd7afecdb556c50c9e8de78 -> 
  custom:audio-decoder-ogg-vorbis: bf7c407c2cedff20999df2af8eb42d56 -> 
  custom:audio-encoder-webm-vorbis: bf7c407c2cedff20999df2af8eb42d56 -> 
========================================================================
Received Prepare
Registering precompiled user dll's ...
Registered in 0.011163 seconds.
Begin MonoManager ReloadAssembly
Native extension for OSXStandalone target not found
Refreshing native plugins compatible for Editor in 1.77 ms, found 3 plugins.
Preloading 0 native plugins for Editor in 0.00 ms.
Mono: successfully reloaded assembly
- Completed reload, in  1.810 seconds
Domain Reload Profiling:
	ReloadAssembly (1811ms)
		BeginReloadAssembly (168ms)
			ExecutionOrderSort (0ms)
			DisableScriptedObjects (9ms)
			BackupInstance (0ms)
			ReleaseScriptingObjects (0ms)
			CreateAndSetChildDomain (95ms)
		EndReloadAssembly (1542ms)
			LoadAssemblies (98ms)
			RebuildTransferFunctionScriptingTraits (0ms)
			SetupTypeCache (525ms)
			ReleaseScriptCaches (1ms)
			RebuildScriptCaches (85ms)
			SetupLoadedEditorAssemblies (629ms)
				LogAssemblyErrors (0ms)
				InitializePlatformSupportModulesInManaged (7ms)
				SetLoadedEditorAssemblies (1ms)
				RefreshPlugins (2ms)
				BeforeProcessingInitializeOnLoad (169ms)
				ProcessInitializeOnLoadAttributes (392ms)
				ProcessInitializeOnLoadMethodAttributes (57ms)
				AfterProcessingInitializeOnLoad (1ms)
				EditorAssembliesLoaded (0ms)
			ExecutionOrderSort2 (0ms)
			AwakeInstancesAfterBackupRestoration (19ms)
Platform modules already initialized, skipping
Refreshing native plugins compatible for Editor in 1.41 ms, found 3 plugins.
Preloading 0 native plugins for Editor in 0.00 ms.
Unloading 2704 Unused Serialized files (Serialized files now loaded: 0)
System memory in use before: 222.7 MB.
System memory in use after: 223.0 MB.

Unloading 79 unused Assets to reduce memory usage. Loaded Objects now: 3190.
Total: 9.342240 ms (FindLiveObjects: 0.428172 ms CreateObjectMapping: 0.184020 ms MarkObjects: 8.662518 ms  DeleteObjects: 0.066170 ms)

AssetImportParameters requested are different than current active one (requested -> active):
  custom:video-decoder-ogg-theora: a1e56fd34408186e4bbccfd4996cb3dc -> 
  custom:container-muxer-webm: aa71ff27fc2769a1b78a27578f13a17b -> 
  custom:container-demuxer-webm: 4f35f7cbe854078d1ac9338744f61a02 -> 
  custom:container-demuxer-ogg: 62fdf1f143b41e24485cea50d1cbac27 -> 
  custom:video-encoder-webm-vp8: eb34c28f22e8b96e1ab97ce403110664 -> 
  custom:framework-osx-AVFoundation: b23960f63f64bdc6ff669e2cdcee2391 -> 
  custom:video-decoder-webm-vp8: 9c59270c3fd7afecdb556c50c9e8de78 -> 
  custom:audio-decoder-ogg-vorbis: bf7c407c2cedff20999df2af8eb42d56 -> 
  custom:audio-encoder-webm-vorbis: bf7c407c2cedff20999df2af8eb42d56 -> 
========================================================================
Received Prepare
Registering precompiled user dll's ...
Registered in 0.007949 seconds.
Begin MonoManager ReloadAssembly
Native extension for OSXStandalone target not found
Refreshing native plugins compatible for Editor in 1.60 ms, found 3 plugins.
Preloading 0 native plugins for Editor in 0.00 ms.
Mono: successfully reloaded assembly
- Completed reload, in  1.530 seconds
Domain Reload Profiling:
	ReloadAssembly (1531ms)
		BeginReloadAssembly (152ms)
			ExecutionOrderSort (0ms)
			DisableScriptedObjects (8ms)
			BackupInstance (0ms)
			ReleaseScriptingObjects (0ms)
			CreateAndSetChildDomain (86ms)
		EndReloadAssembly (1281ms)
			LoadAssemblies (88ms)
			RebuildTransferFunctionScriptingTraits (0ms)
			SetupTypeCache (440ms)
			ReleaseScriptCaches (1ms)
			RebuildScriptCaches (67ms)
			SetupLoadedEditorAssemblies (526ms)
				LogAssemblyErrors (0ms)
				InitializePlatformSupportModulesInManaged (5ms)
				SetLoadedEditorAssemblies (1ms)
				RefreshPlugins (2ms)
				BeforeProcessingInitializeOnLoad (139ms)
				ProcessInitializeOnLoadAttributes (330ms)
				ProcessInitializeOnLoadMethodAttributes (49ms)
				AfterProcessingInitializeOnLoad (1ms)
				EditorAssembliesLoaded (0ms)
			ExecutionOrderSort2 (0ms)
			AwakeInstancesAfterBackupRestoration (15ms)
Platform modules already initialized, skipping
Refreshing native plugins compatible for Editor in 2.08 ms, found 3 plugins.
Preloading 0 native plugins for Editor in 0.00 ms.
Unloading 2704 Unused Serialized files (Serialized files now loaded: 0)
System memory in use before: 223.0 MB.
System memory in use after: 223.2 MB.

Unloading 79 unused Assets to reduce memory usage. Loaded Objects now: 3193.
Total: 10.018063 ms (FindLiveObjects: 0.421914 ms CreateObjectMapping: 0.159529 ms MarkObjects: 9.375803 ms  DeleteObjects: 0.059414 ms)

AssetImportParameters requested are different than current active one (requested -> active):
  custom:video-decoder-ogg-theora: a1e56fd34408186e4bbccfd4996cb3dc -> 
  custom:container-muxer-webm: aa71ff27fc2769a1b78a27578f13a17b -> 
  custom:container-demuxer-webm: 4f35f7cbe854078d1ac9338744f61a02 -> 
  custom:container-demuxer-ogg: 62fdf1f143b41e24485cea50d1cbac27 -> 
  custom:video-encoder-webm-vp8: eb34c28f22e8b96e1ab97ce403110664 -> 
  custom:framework-osx-AVFoundation: b23960f63f64bdc6ff669e2cdcee2391 -> 
  custom:video-decoder-webm-vp8: 9c59270c3fd7afecdb556c50c9e8de78 -> 
  custom:audio-decoder-ogg-vorbis: bf7c407c2cedff20999df2af8eb42d56 -> 
  custom:audio-encoder-webm-vorbis: bf7c407c2cedff20999df2af8eb42d56 -> 
========================================================================
Received Prepare
Registering precompiled user dll's ...
Registered in 0.005439 seconds.
Begin MonoManager ReloadAssembly
Native extension for OSXStandalone target not found
Refreshing native plugins compatible for Editor in 1.95 ms, found 3 plugins.
Preloading 0 native plugins for Editor in 0.00 ms.
Mono: successfully reloaded assembly
- Completed reload, in  1.690 seconds
Domain Reload Profiling:
	ReloadAssembly (1691ms)
		BeginReloadAssembly (201ms)
			ExecutionOrderSort (0ms)
			DisableScriptedObjects (19ms)
			BackupInstance (0ms)
			ReleaseScriptingObjects (0ms)
			CreateAndSetChildDomain (111ms)
		EndReloadAssembly (1370ms)
			LoadAssemblies (109ms)
			RebuildTransferFunctionScriptingTraits (0ms)
			SetupTypeCache (500ms)
			ReleaseScriptCaches (1ms)
			RebuildScriptCaches (71ms)
			SetupLoadedEditorAssemblies (528ms)
				LogAssemblyErrors (0ms)
				InitializePlatformSupportModulesInManaged (6ms)
				SetLoadedEditorAssemblies (1ms)
				RefreshPlugins (2ms)
				BeforeProcessingInitializeOnLoad (154ms)
				ProcessInitializeOnLoadAttributes (319ms)
				ProcessInitializeOnLoadMethodAttributes (45ms)
				AfterProcessingInitializeOnLoad (1ms)
				EditorAssembliesLoaded (0ms)
			ExecutionOrderSort2 (0ms)
			AwakeInstancesAfterBackupRestoration (13ms)
Platform modules already initialized, skipping
Refreshing native plugins compatible for Editor in 1.30 ms, found 3 plugins.
Preloading 0 native plugins for Editor in 0.00 ms.
Unloading 2704 Unused Serialized files (Serialized files now loaded: 0)
System memory in use before: 223.2 MB.
System memory in use after: 223.5 MB.

Unloading 79 unused Assets to reduce memory usage. Loaded Objects now: 3196.
Total: 8.107611 ms (FindLiveObjects: 0.303011 ms CreateObjectMapping: 0.119305 ms MarkObjects: 7.648347 ms  DeleteObjects: 0.035670 ms)

AssetImportParameters requested are different than current active one (requested -> active):
  custom:video-decoder-ogg-theora: a1e56fd34408186e4bbccfd4996cb3dc -> 
  custom:container-muxer-webm: aa71ff27fc2769a1b78a27578f13a17b -> 
  custom:container-demuxer-webm: 4f35f7cbe854078d1ac9338744f61a02 -> 
  custom:container-demuxer-ogg: 62fdf1f143b41e24485cea50d1cbac27 -> 
  custom:video-encoder-webm-vp8: eb34c28f22e8b96e1ab97ce403110664 -> 
  custom:framework-osx-AVFoundation: b23960f63f64bdc6ff669e2cdcee2391 -> 
  custom:video-decoder-webm-vp8: 9c59270c3fd7afecdb556c50c9e8de78 -> 
  custom:audio-decoder-ogg-vorbis: bf7c407c2cedff20999df2af8eb42d56 -> 
  custom:audio-encoder-webm-vorbis: bf7c407c2cedff20999df2af8eb42d56 -> 
========================================================================
Received Prepare
Registering precompiled user dll's ...
Registered in 0.004736 seconds.
Begin MonoManager ReloadAssembly
Native extension for OSXStandalone target not found
Refreshing native plugins compatible for Editor in 1.80 ms, found 3 plugins.
Preloading 0 native plugins for Editor in 0.00 ms.
Mono: successfully reloaded assembly
- Completed reload, in  1.763 seconds
Domain Reload Profiling:
	ReloadAssembly (1764ms)
		BeginReloadAssembly (157ms)
			ExecutionOrderSort (0ms)
			DisableScriptedObjects (8ms)
			BackupInstance (0ms)
			ReleaseScriptingObjects (0ms)
			CreateAndSetChildDomain (88ms)
		EndReloadAssembly (1510ms)
			LoadAssemblies (108ms)
			RebuildTransferFunctionScriptingTraits (0ms)
			SetupTypeCache (517ms)
			ReleaseScriptCaches (2ms)
			RebuildScriptCaches (82ms)
			SetupLoadedEditorAssemblies (612ms)
				LogAssemblyErrors (0ms)
				InitializePlatformSupportModulesInManaged (8ms)
				SetLoadedEditorAssemblies (1ms)
				RefreshPlugins (2ms)
				BeforeProcessingInitializeOnLoad (172ms)
				ProcessInitializeOnLoadAttributes (374ms)
				ProcessInitializeOnLoadMethodAttributes (52ms)
				AfterProcessingInitializeOnLoad (3ms)
				EditorAssembliesLoaded (0ms)
			ExecutionOrderSort2 (0ms)
			AwakeInstancesAfterBackupRestoration (16ms)
Platform modules already initialized, skipping
Refreshing native plugins compatible for Editor in 1.43 ms, found 3 plugins.
Preloading 0 native plugins for Editor in 0.00 ms.
Unloading 2704 Unused Serialized files (Serialized files now loaded: 0)
System memory in use before: 223.4 MB.
System memory in use after: 223.6 MB.

Unloading 79 unused Assets to reduce memory usage. Loaded Objects now: 3199.
Total: 8.805250 ms (FindLiveObjects: 0.316474 ms CreateObjectMapping: 0.120626 ms MarkObjects: 8.326500 ms  DeleteObjects: 0.040225 ms)

AssetImportParameters requested are different than current active one (requested -> active):
  custom:video-decoder-ogg-theora: a1e56fd34408186e4bbccfd4996cb3dc -> 
  custom:container-muxer-webm: aa71ff27fc2769a1b78a27578f13a17b -> 
  custom:container-demuxer-webm: 4f35f7cbe854078d1ac9338744f61a02 -> 
  custom:container-demuxer-ogg: 62fdf1f143b41e24485cea50d1cbac27 -> 
  custom:video-encoder-webm-vp8: eb34c28f22e8b96e1ab97ce403110664 -> 
  custom:framework-osx-AVFoundation: b23960f63f64bdc6ff669e2cdcee2391 -> 
  custom:video-decoder-webm-vp8: 9c59270c3fd7afecdb556c50c9e8de78 -> 
  custom:audio-decoder-ogg-vorbis: bf7c407c2cedff20999df2af8eb42d56 -> 
  custom:audio-encoder-webm-vorbis: bf7c407c2cedff20999df2af8eb42d56 -> 
========================================================================
Received Import Request.
  Time since last request: 4417.538190 seconds.
  path: Assets/Scripts/NPCDialogue.cs
  artifactKey: Guid(d8a2869a00be144de9eb80150ed4e5b8) Importer(815301076,1909f56bfc062723c751e8b465ee728b)
Start importing Assets/Scripts/NPCDialogue.cs using Guid(d8a2869a00be144de9eb80150ed4e5b8) Importer(815301076,1909f56bfc062723c751e8b465ee728b)  -> (artifact id: '8ad4e8414b5ed76b9643eb825a79b191') in 0.237690 seconds 
  Import took 0.284988 seconds .

